<?xml version="1.0" encoding="UTF-8"?>
<testng-results skipped="0" failed="0" total="1" passed="1">
  <reporter-output>
    <line>
      <![CDATA[Started test...]]>
    </line>
    <line>
      <![CDATA[Ended test...]]>
    </line>
  </reporter-output>
  <suite name="Default suite" duration-ms="56608" started-at="2017-03-11T20:12:15Z" finished-at="2017-03-11T20:13:12Z">
    <groups>
    </groups>
    <test name="Default test" duration-ms="56608" started-at="2017-03-11T20:12:15Z" finished-at="2017-03-11T20:13:12Z">
      <class name="tests.QAWorksTest">
        <test-method status="PASS" signature="setup()[pri:0, instance:tests.QAWorksTest@36b37b66]" name="setup" is-config="true" duration-ms="36438" started-at="2017-03-11T20:12:15Z" finished-at="2017-03-11T20:12:52Z">
          <reporter-output>
            <line>
              <![CDATA[Started test...]]>
            </line>
          </reporter-output>
        </test-method> <!-- setup -->
        <test-method status="PASS" signature="ContactPageSendMessage()[pri:0, instance:tests.QAWorksTest@36b37b66]" name="ContactPageSendMessage" duration-ms="19232" started-at="2017-03-11T20:12:52Z" finished-at="2017-03-11T20:13:11Z">
          <reporter-output>
          </reporter-output>
        </test-method> <!-- ContactPageSendMessage -->
        <test-method status="PASS" signature="testCleanup()[pri:0, instance:tests.QAWorksTest@36b37b66]" name="testCleanup" is-config="true" duration-ms="822" started-at="2017-03-11T20:13:11Z" finished-at="2017-03-11T20:13:12Z">
          <reporter-output>
            <line>
              <![CDATA[Ended test...]]>
            </line>
          </reporter-output>
        </test-method> <!-- testCleanup -->
      </class> <!-- tests.QAWorksTest -->
    </test> <!-- Default test -->
  </suite> <!-- Default suite -->
</testng-results>
